2019-01-28 08:54:04,445 [Worker-8] INFO  o.e.m.c.i.l.LifecycleMappingFactory - Using org.eclipse.m2e.jdt.JarLifecycleMapping lifecycle mapping for MavenProject: com:Automation_Framework_POM:0.0.1-SNAPSHOT @ C:\Automation_Framework_POM\pom.xml.
2019-01-28 08:54:04,445 [Worker-7] INFO  o.e.m.c.i.l.LifecycleMappingFactory - Using org.eclipse.m2e.jdt.JarLifecycleMapping lifecycle mapping for MavenProject: com:Automation_Framework_POM:0.0.1-SNAPSHOT @ C:\Automation_Framework_POM\pom.xml.
2019-01-28 08:54:04,859 [Worker-7] WARN  o.e.m.c.i.embedder.EclipseLogger - The artifact org.apache.commons:commons-io:jar:1.3.2 has been relocated to commons-io:commons-io:jar:1.3.2
2019-01-28 08:54:04,864 [Worker-8] WARN  o.e.m.c.i.embedder.EclipseLogger - The artifact org.apache.commons:commons-io:jar:1.3.2 has been relocated to commons-io:commons-io:jar:1.3.2
2019-01-28 08:54:06,063 [Worker-8] INFO  o.e.m.c.i.embedder.EclipseLogger - Using 'UTF-8' encoding to copy filtered resources.
2019-01-28 08:54:06,063 [Worker-8] INFO  o.e.m.c.i.embedder.EclipseLogger - skip non existing resourceDirectory C:\Automation_Framework_POM\src\main\resources
2019-01-28 08:54:06,066 [Worker-8] INFO  o.e.m.c.i.embedder.EclipseLogger - Using 'UTF-8' encoding to copy filtered resources.
2019-01-28 08:54:06,073 [Worker-8] INFO  o.e.m.c.i.embedder.EclipseLogger - Copying 3 resources
2019-01-28 08:54:07,384 [Worker-9] INFO  o.e.m.c.i.l.LifecycleMappingFactory - Using org.eclipse.m2e.jdt.JarLifecycleMapping lifecycle mapping for MavenProject: com:Automation_Framework_POM:0.0.1-SNAPSHOT @ C:\Automation_Framework_POM\pom.xml.
2019-01-28 08:54:07,879 [Worker-9] WARN  o.e.m.c.i.embedder.EclipseLogger - The artifact org.apache.commons:commons-io:jar:1.3.2 has been relocated to commons-io:commons-io:jar:1.3.2
2019-01-28 08:54:08,686 [Worker-1] WARN  o.e.m.c.i.embedder.EclipseLogger - The artifact org.apache.commons:commons-io:jar:1.3.2 has been relocated to commons-io:commons-io:jar:1.3.2
2019-01-28 08:54:09,189 [Worker-1] INFO  o.e.m.c.i.embedder.EclipseLogger - Using 'UTF-8' encoding to copy filtered resources.
2019-01-28 08:54:09,189 [Worker-1] INFO  o.e.m.c.i.embedder.EclipseLogger - skip non existing resourceDirectory C:\Automation_Framework_POM\src\main\resources
2019-01-28 08:54:09,192 [Worker-1] INFO  o.e.m.c.i.embedder.EclipseLogger - Using 'UTF-8' encoding to copy filtered resources.
2019-01-28 08:54:09,194 [Worker-1] INFO  o.e.m.c.i.embedder.EclipseLogger - Copying 0 resource
2019-01-28 14:19:05,059 [Worker-54] INFO  o.e.m.c.i.embedder.EclipseLogger - Using 'UTF-8' encoding to copy filtered resources.
2019-01-28 14:19:05,059 [Worker-54] INFO  o.e.m.c.i.embedder.EclipseLogger - skip non existing resourceDirectory C:\Automation_Framework_POM\src\main\resources
2019-01-28 14:19:05,059 [Worker-54] INFO  o.e.m.c.i.embedder.EclipseLogger - Using 'UTF-8' encoding to copy filtered resources.
2019-01-28 14:19:05,059 [Worker-54] INFO  o.e.m.c.i.embedder.EclipseLogger - Copying 0 resource
2019-01-28 14:20:15,680 [Worker-48] INFO  o.e.m.c.i.embedder.EclipseLogger - Using 'UTF-8' encoding to copy filtered resources.
2019-01-28 14:20:15,680 [Worker-48] INFO  o.e.m.c.i.embedder.EclipseLogger - skip non existing resourceDirectory C:\Automation_Framework_POM\src\main\resources
2019-01-28 14:20:15,696 [Worker-48] INFO  o.e.m.c.i.embedder.EclipseLogger - Using 'UTF-8' encoding to copy filtered resources.
2019-01-28 14:20:15,696 [Worker-48] INFO  o.e.m.c.i.embedder.EclipseLogger - Copying 0 resource
2019-01-28 14:21:15,531 [Worker-56] INFO  o.e.m.c.i.embedder.EclipseLogger - Using 'UTF-8' encoding to copy filtered resources.
2019-01-28 14:21:15,531 [Worker-56] INFO  o.e.m.c.i.embedder.EclipseLogger - skip non existing resourceDirectory C:\Automation_Framework_POM\src\main\resources
2019-01-28 14:21:15,546 [Worker-56] INFO  o.e.m.c.i.embedder.EclipseLogger - Using 'UTF-8' encoding to copy filtered resources.
2019-01-28 14:21:15,546 [Worker-56] INFO  o.e.m.c.i.embedder.EclipseLogger - Copying 0 resource
2019-01-28 14:21:43,675 [Worker-55] INFO  o.e.m.c.i.embedder.EclipseLogger - Using 'UTF-8' encoding to copy filtered resources.
2019-01-28 14:21:43,675 [Worker-55] INFO  o.e.m.c.i.embedder.EclipseLogger - skip non existing resourceDirectory C:\Automation_Framework_POM\src\main\resources
2019-01-28 14:21:43,675 [Worker-55] INFO  o.e.m.c.i.embedder.EclipseLogger - Using 'UTF-8' encoding to copy filtered resources.
2019-01-28 14:21:43,675 [Worker-55] INFO  o.e.m.c.i.embedder.EclipseLogger - Copying 0 resource
2019-01-28 14:22:43,347 [Worker-51] INFO  o.e.m.c.i.embedder.EclipseLogger - Using 'UTF-8' encoding to copy filtered resources.
2019-01-28 14:22:43,347 [Worker-51] INFO  o.e.m.c.i.embedder.EclipseLogger - skip non existing resourceDirectory C:\Automation_Framework_POM\src\main\resources
2019-01-28 14:22:43,347 [Worker-51] INFO  o.e.m.c.i.embedder.EclipseLogger - Using 'UTF-8' encoding to copy filtered resources.
2019-01-28 14:22:43,347 [Worker-51] INFO  o.e.m.c.i.embedder.EclipseLogger - Copying 0 resource
2019-01-28 14:23:04,351 [Worker-51] INFO  o.e.m.c.i.embedder.EclipseLogger - Using 'UTF-8' encoding to copy filtered resources.
2019-01-28 14:23:04,351 [Worker-51] INFO  o.e.m.c.i.embedder.EclipseLogger - skip non existing resourceDirectory C:\Automation_Framework_POM\src\main\resources
2019-01-28 14:23:04,367 [Worker-51] INFO  o.e.m.c.i.embedder.EclipseLogger - Using 'UTF-8' encoding to copy filtered resources.
2019-01-28 14:23:04,367 [Worker-51] INFO  o.e.m.c.i.embedder.EclipseLogger - Copying 1 resource
2019-01-28 14:25:13,922 [Worker-58] INFO  o.e.m.c.i.embedder.EclipseLogger - Using 'UTF-8' encoding to copy filtered resources.
2019-01-28 14:25:13,922 [Worker-58] INFO  o.e.m.c.i.embedder.EclipseLogger - skip non existing resourceDirectory C:\Automation_Framework_POM\src\main\resources
2019-01-28 14:25:13,938 [Worker-58] INFO  o.e.m.c.i.embedder.EclipseLogger - Using 'UTF-8' encoding to copy filtered resources.
2019-01-28 14:25:13,938 [Worker-58] INFO  o.e.m.c.i.embedder.EclipseLogger - Copying 0 resource
2019-01-28 14:25:30,684 [Worker-53] INFO  o.e.m.c.i.embedder.EclipseLogger - Using 'UTF-8' encoding to copy filtered resources.
2019-01-28 14:25:30,684 [Worker-53] INFO  o.e.m.c.i.embedder.EclipseLogger - skip non existing resourceDirectory C:\Automation_Framework_POM\src\main\resources
2019-01-28 14:25:30,684 [Worker-53] INFO  o.e.m.c.i.embedder.EclipseLogger - Using 'UTF-8' encoding to copy filtered resources.
2019-01-28 14:25:30,700 [Worker-53] INFO  o.e.m.c.i.embedder.EclipseLogger - Copying 0 resource
2019-01-28 14:27:15,747 [Worker-52] INFO  o.e.m.c.i.embedder.EclipseLogger - Using 'UTF-8' encoding to copy filtered resources.
2019-01-28 14:27:15,747 [Worker-52] INFO  o.e.m.c.i.embedder.EclipseLogger - skip non existing resourceDirectory C:\Automation_Framework_POM\src\main\resources
2019-01-28 14:27:15,747 [Worker-52] INFO  o.e.m.c.i.embedder.EclipseLogger - Using 'UTF-8' encoding to copy filtered resources.
2019-01-28 14:27:15,747 [Worker-52] INFO  o.e.m.c.i.embedder.EclipseLogger - Copying 0 resource
2019-01-28 14:28:31,633 [Worker-59] INFO  o.e.m.c.i.embedder.EclipseLogger - Using 'UTF-8' encoding to copy filtered resources.
2019-01-28 14:28:31,633 [Worker-59] INFO  o.e.m.c.i.embedder.EclipseLogger - skip non existing resourceDirectory C:\Automation_Framework_POM\src\main\resources
2019-01-28 14:28:31,633 [Worker-59] INFO  o.e.m.c.i.embedder.EclipseLogger - Using 'UTF-8' encoding to copy filtered resources.
2019-01-28 14:28:31,664 [Worker-59] INFO  o.e.m.c.i.embedder.EclipseLogger - Copying 3 resources
2019-01-28 14:29:17,014 [Worker-60] INFO  o.e.m.c.i.embedder.EclipseLogger - Using 'UTF-8' encoding to copy filtered resources.
2019-01-28 14:29:17,014 [Worker-60] INFO  o.e.m.c.i.embedder.EclipseLogger - skip non existing resourceDirectory C:\Automation_Framework_POM\src\main\resources
2019-01-28 14:29:17,014 [Worker-60] INFO  o.e.m.c.i.embedder.EclipseLogger - Using 'UTF-8' encoding to copy filtered resources.
2019-01-28 14:29:17,014 [Worker-60] INFO  o.e.m.c.i.embedder.EclipseLogger - Copying 3 resources
2019-01-28 14:29:21,683 [Worker-60] INFO  o.e.m.c.i.embedder.EclipseLogger - Using 'UTF-8' encoding to copy filtered resources.
2019-01-28 14:29:21,683 [Worker-60] INFO  o.e.m.c.i.embedder.EclipseLogger - skip non existing resourceDirectory C:\Automation_Framework_POM\src\main\resources
2019-01-28 14:29:21,683 [Worker-60] INFO  o.e.m.c.i.embedder.EclipseLogger - Using 'UTF-8' encoding to copy filtered resources.
2019-01-28 14:29:21,683 [Worker-60] INFO  o.e.m.c.i.embedder.EclipseLogger - Copying 3 resources
